<?xml version="1.0" encoding="UTF-8"?>
<testng-results skipped="0" failed="0" ignored="0" total="1" passed="1">
  <reporter-output>
  </reporter-output>
  <suite name="Default suite" duration-ms="2938" started-at="2021-07-09T17:04:15Z" finished-at="2021-07-09T17:04:18Z">
    <groups>
    </groups>
    <test name="Default test" duration-ms="2938" started-at="2021-07-09T17:04:15Z" finished-at="2021-07-09T17:04:18Z">
      <class name="reassured_reqress_project.reassured_reqress_project.TC_GET_reqress_LIST_USERS">
        <test-method status="PASS" signature="test_GET_ListUsers()[pri:0, instance:reassured_reqress_project.reassured_reqress_project.TC_GET_reqress_LIST_USERS@77cd7a0]" name="test_GET_ListUsers" duration-ms="2893" started-at="2021-07-09T17:04:15Z" finished-at="2021-07-09T17:04:18Z">
          <reporter-output>
          </reporter-output>
        </test-method> <!-- test_GET_ListUsers -->
      </class> <!-- reassured_reqress_project.reassured_reqress_project.TC_GET_reqress_LIST_USERS -->
    </test> <!-- Default test -->
  </suite> <!-- Default suite -->
</testng-results>
